desc: --massif-out-file=fixsosanhmassif.out
cmd: ./fixsosanh.out
time_unit: i
#-----------
snapshot=0
#-----------
time=0
mem_heap_B=0
mem_heap_extra_B=0
mem_stacks_B=0
heap_tree=empty
#-----------
snapshot=1
#-----------
time=163807
mem_heap_B=4194304
mem_heap_extra_B=4040
mem_stacks_B=0
heap_tree=empty
#-----------
snapshot=2
#-----------
time=163847
mem_heap_B=4194304
mem_heap_extra_B=4040
mem_stacks_B=0
heap_tree=peak
n1: 4194304 (heap allocation functions) malloc/new/new[], --alloc-fns, etc.
 n0: 4194304 0x1091E7: main (in /home/pc30/Downloads/massif/fixsosanh/fixsosanh.out)
#-----------
snapshot=3
#-----------
time=163847
mem_heap_B=0
mem_heap_extra_B=0
mem_stacks_B=0
heap_tree=empty
#-----------
snapshot=4
#-----------
time=163881
mem_heap_B=4194304
mem_heap_extra_B=4040
mem_stacks_B=0
heap_tree=empty
#-----------
snapshot=5
#-----------
time=163921
mem_heap_B=0
mem_heap_extra_B=0
mem_stacks_B=0
heap_tree=empty
#-----------
snapshot=6
#-----------
time=163955
mem_heap_B=4194304
mem_heap_extra_B=4040
mem_stacks_B=0
heap_tree=empty
#-----------
snapshot=7
#-----------
time=163995
mem_heap_B=0
mem_heap_extra_B=0
mem_stacks_B=0
heap_tree=empty
#-----------
snapshot=8
#-----------
time=164029
mem_heap_B=4194304
mem_heap_extra_B=4040
mem_stacks_B=0
heap_tree=empty
#-----------
snapshot=9
#-----------
time=164069
mem_heap_B=0
mem_heap_extra_B=0
mem_stacks_B=0
heap_tree=empty
#-----------
snapshot=10
#-----------
time=164103
mem_heap_B=4194304
mem_heap_extra_B=4040
mem_stacks_B=0
heap_tree=empty
#-----------
snapshot=11
#-----------
time=164143
mem_heap_B=0
mem_heap_extra_B=0
mem_stacks_B=0
heap_tree=empty
#-----------
snapshot=12
#-----------
time=164177
mem_heap_B=4194304
mem_heap_extra_B=4040
mem_stacks_B=0
heap_tree=detailed
n1: 4194304 (heap allocation functions) malloc/new/new[], --alloc-fns, etc.
 n0: 4194304 0x1091E7: main (in /home/pc30/Downloads/massif/fixsosanh/fixsosanh.out)
#-----------
snapshot=13
#-----------
time=164217
mem_heap_B=0
mem_heap_extra_B=0
mem_stacks_B=0
heap_tree=empty
#-----------
snapshot=14
#-----------
time=164251
mem_heap_B=4194304
mem_heap_extra_B=4040
mem_stacks_B=0
heap_tree=empty
#-----------
snapshot=15
#-----------
time=164291
mem_heap_B=0
mem_heap_extra_B=0
mem_stacks_B=0
heap_tree=empty
#-----------
snapshot=16
#-----------
time=164325
mem_heap_B=4194304
mem_heap_extra_B=4040
mem_stacks_B=0
heap_tree=empty
#-----------
snapshot=17
#-----------
time=164365
mem_heap_B=0
mem_heap_extra_B=0
mem_stacks_B=0
heap_tree=empty
#-----------
snapshot=18
#-----------
time=164399
mem_heap_B=4194304
mem_heap_extra_B=4040
mem_stacks_B=0
heap_tree=empty
#-----------
snapshot=19
#-----------
time=164439
mem_heap_B=0
mem_heap_extra_B=0
mem_stacks_B=0
heap_tree=empty
#-----------
snapshot=20
#-----------
time=164473
mem_heap_B=4194304
mem_heap_extra_B=4040
mem_stacks_B=0
heap_tree=empty
#-----------
snapshot=21
#-----------
time=164513
mem_heap_B=0
mem_heap_extra_B=0
mem_stacks_B=0
heap_tree=empty
#-----------
snapshot=22
#-----------
time=164750
mem_heap_B=1024
mem_heap_extra_B=8
mem_stacks_B=0
heap_tree=detailed
n2: 1024 (heap allocation functions) malloc/new/new[], --alloc-fns, etc.
 n1: 1024 0x48E4BA3: _IO_file_doallocate (filedoalloc.c:101)
  n1: 1024 0x48F3CDF: _IO_doallocbuf (genops.c:347)
   n1: 1024 0x48F2F5F: _IO_file_overflow@@GLIBC_2.2.5 (fileops.c:744)
    n1: 1024 0x48F16D4: _IO_new_file_xsputn (fileops.c:1243)
     n1: 1024 0x48F16D4: _IO_file_xsputn@@GLIBC_2.2.5 (fileops.c:1196)
      n1: 1024 0x48E6F1B: puts (ioputs.c:40)
       n0: 1024 0x109244: main (in /home/pc30/Downloads/massif/fixsosanh/fixsosanh.out)
 n0: 0 in 1 place, below massif's threshold (1.00%)
#-----------
snapshot=23
#-----------
time=170197
mem_heap_B=0
mem_heap_extra_B=0
mem_stacks_B=0
heap_tree=empty
